<?xml version="1.0" encoding="UTF-8"?>
<testsuite name="JUnit Vintage" tests="1" skipped="0" failures="0" errors="0" time="0.027" hostname="Danns-MacBook-Pro.local" timestamp="2017-01-06T17:41:04">
<properties>
[...]
</properties>
<testcase name="test()" classname="com.example.project.JUnit4Test" time="0.001">
<system-out><![CDATA[
unique-id: [engine:junit-vintage]/[runner:com.example.project.JUnit4Test]/[test:test(com.example.project.JUnit4Test)]
display-name: test
]]></system-out>
</testcase>
<system-out><![CDATA[
unique-id: [engine:junit-vintage]
display-name: JUnit Vintage
]]></system-out>
</testsuite>
