<?xml version="1.0" encoding="UTF-8"?>
<testsuite name="JUnit Jupiter" tests="3" skipped="1" failures="0" errors="0" time="0.041" hostname="paris-System-Product-Name" timestamp="2017-01-05T22:18:33">
<properties>
[...]
</properties>
<testcase name="mySecondTest()" classname="com.example.project.SecondTest" time="0">
<skipped><![CDATA[void com.example.project.SecondTest.mySecondTest() is @Disabled]]></skipped>
<system-out><![CDATA[
unique-id: [engine:junit-jupiter]/[class:com.example.project.SecondTest]/[method:mySecondTest()]
display-name: mySecondTest()
]]></system-out>
</testcase>
<testcase name="anotherTest()" classname="com.example.project.FirstTest" time="0.008">
<system-out><![CDATA[
unique-id: [engine:junit-jupiter]/[class:com.example.project.FirstTest]/[method:anotherTest()]
display-name: anotherTest()
]]></system-out>
</testcase>
<testcase name="myFirstTest(org.junit.jupiter.api.TestInfo)" classname="com.example.project.FirstTest" time="0.006">
<system-out><![CDATA[
unique-id: [engine:junit-jupiter]/[class:com.example.project.FirstTest]/[method:myFirstTest(org.junit.jupiter.api.TestInfo)]
display-name: My 1st JUnit 5 test! 😎
]]></system-out>
</testcase>
<system-out><![CDATA[
unique-id: [engine:junit-jupiter]
display-name: JUnit Jupiter
]]></system-out>
</testsuite>
